<?xml version="1.0" encoding="UTF-8"?>
<!-- Generated by org.testng.reporters.JUnitReportReporter -->
<testsuite hostname="ANIL" failures="0" tests="1" name="test_class_package.rgister_test_class" time="5.936" errors="0" timestamp="2023-08-13T19:29:19 IST" skipped="0">
  <testcase classname="test_class_package.rgister_test_class" name="rgister" time="5.936"/>
</testsuite> <!-- test_class_package.rgister_test_class -->
